<?xml version="1.0" encoding="UTF-8"?>
<!-- Generated by org.testng.reporters.JUnitReportReporter -->
<testsuite skipped="0" hostname="DESKTOP-C2KOF2B" name="practice.Thursday_Test" tests="1" failures="0" timestamp="2020-07-02T15:15:48 CDT" time="14.288" errors="0">
  <testcase name="UserWillAbeToOpenTheBrowser" time="14.288" classname="practice.Thursday_Test"/>
</testsuite> <!-- practice.Thursday_Test -->
