<?xml version="1.0" encoding="UTF-8"?>
<!-- Generated by org.testng.reporters.JUnitReportReporter -->
<testsuite skipped="0" hostname="DESKTOP-C2KOF2B" name="practice.Techfios_Test" tests="2" failures="0" timestamp="2020-06-18T15:24:20 CDT" time="40.499" errors="0">
  <testcase name="UserWillAbleToLogin" time="18.166" classname="practice.Techfios_Test"/>
  <testcase name="UserWillAbleToAddNewAccount" time="22.333" classname="practice.Techfios_Test"/>
</testsuite> <!-- practice.Techfios_Test -->
